memcopy and daxpy test of size 2
-------
timings
-------
axpy (openmp): 9.53674e-07 s
axpy (openacc): 0.000228167 s

============ PASSED
memcopy and daxpy test of size 4
-------
timings
-------
axpy (openmp): 0 s
axpy (openacc): 0.000226021 s

============ PASSED
memcopy and daxpy test of size 8
-------
timings
-------
axpy (openmp): 0 s
axpy (openacc): 0.000227213 s

============ PASSED
memcopy and daxpy test of size 16
-------
timings
-------
axpy (openmp): 0 s
axpy (openacc): 0.000254154 s

============ PASSED
memcopy and daxpy test of size 32
-------
timings
-------
axpy (openmp): 0 s
axpy (openacc): 0.000261784 s

============ PASSED


Batch Job Summary Report (version 21.01.1) for Job "script" (50384181) on daint

Job information (1/2)
-----------------------------------------------------------------------------------------------------
             Submit            Eligible               Start                 End    Elapsed Time limit
------------------- ------------------- ------------------- ------------------- ---------- ----------
2023-12-08T14:19:04 2023-12-08T14:19:04 2023-12-08T14:19:04 2023-12-08T14:19:17   00:00:13   00:01:00
-----------------------------------------------------------------------------------------------------

Job information (2/2)
-------------------------------------------------------------
    Username      Account    Partition   NNodes        Energy
------------ ------------ ------------ -------- -------------
       fmerz         uzg2       normal        1      0.695 kJ

