nid002236
nid002236
nid002236
nid002236
nid002236
nid002236
nid002236
nid002236
nid002236
nid002236
nid002236
nid002236


Batch Job Summary Report (version 21.01.1) for Job "ex0203_job" (2385199) on eiger

Job information (1/2)
-----------------------------------------------------------------------------------------------------
             Submit            Eligible               Start                 End    Elapsed Time limit
------------------- ------------------- ------------------- ------------------- ---------- ----------
2023-10-06T15:36:55 2023-10-06T15:36:55 2023-10-06T15:36:56 2023-10-06T15:36:57   00:00:01   00:05:00
-----------------------------------------------------------------------------------------------------

Job information (2/2)
-------------------------------------------------------------
    Username      Account    Partition   NNodes        Energy
------------ ------------ ------------ -------- -------------
       fmerz         uzh8        debug        1      0.154 kJ

