nid002236
nid002236
nid002236
nid002236
nid002236
nid002236
nid002236
nid002236
nid002236
nid002236
nid002236
nid002236


Batch Job Summary Report (version 21.01.1) for Job "ex0203_job" (2385129) on eiger

Job information (1/2)
-----------------------------------------------------------------------------------------------------
             Submit            Eligible               Start                 End    Elapsed Time limit
------------------- ------------------- ------------------- ------------------- ---------- ----------
2023-10-06T15:25:47 2023-10-06T15:25:47 2023-10-06T15:25:50 2023-10-06T15:25:51   00:00:01   00:05:00
-----------------------------------------------------------------------------------------------------

Job information (2/2)
-------------------------------------------------------------
    Username      Account    Partition   NNodes        Energy
------------ ------------ ------------ -------- -------------
       fmerz         uzh8        debug        1      0.173 kJ

